<testsuite failures="1" name="src/test/java/helpers/CreateToken.feature" skipped="0" tests="1" time="1.503841">
  <testcase classname="src.test.java.helpers.CreateToken" name="Create token" time="1.503841">
    <failure message="CreateToken.feature:8 - status code was: 422, expected: 200, response time: 1087, url: https://conduit.productionready.io/api/users/login, response: {&quot;errors&quot;:{&quot;email or password&quot;:[&quot;is invalid&quot;]}}">Given url 'https://conduit.productionready.io/api/' ....................... passed
Given path 'users/login' .................................................. passed
And request {"user": {"email": "#(email)", "password": "#(password)"}} .... passed
When method Post .......................................................... passed
Then status 200 ........................................................... failed

Stack Trace:
com.intuit.karate.exception.KarateException: CreateToken.feature:8 - status code was: 422, expected: 200, response time: 1087, url: https://conduit.productionready.io/api/users/login, response: {"errors":{"email or password":["is invalid"]}}
	at âœ½.Then status 200 (CreateToken.feature:8)

* def authToken = response.user.token ..................................... skipped</failure>
  </testcase>
</testsuite>
