<testsuite failures="0" name="src/test/java/conduitApp/feature/SignUp.feature" skipped="0" tests="3" time="3.293053">
  <testcase classname="src.test.java.conduitApp.feature.SignUp" name="Validate sign up | Error messages" time="1.49708">
    <system-out>Given url 'https://conduit.productionready.io/api/' ....................... passed
* def dataGenerator = Java.type('helpers.DataGenerator') .................. passed
* def timeValidator = read('../../helpers/timeValidator.js') .............. passed
* def randomEmail = dataGenerator.getRandomEmail() ........................ passed
* def randomUsername = dataGenerator.getRandomUsername() .................. passed
Given path 'users' ........................................................ passed
And request ............................................................... passed
When method Post .......................................................... passed
Then status 422 ........................................................... passed
And match response == {"errors": {"username": ["has already been taken"]}} . passed</system-out>
  </testcase>
  <testcase classname="src.test.java.conduitApp.feature.SignUp" name="Validate sign up | Error messages" time="0.886068">
    <system-out>Given url 'https://conduit.productionready.io/api/' ....................... passed
* def dataGenerator = Java.type('helpers.DataGenerator') .................. passed
* def timeValidator = read('../../helpers/timeValidator.js') .............. passed
* def randomEmail = dataGenerator.getRandomEmail() ........................ passed
* def randomUsername = dataGenerator.getRandomUsername() .................. passed
Given path 'users' ........................................................ passed
And request ............................................................... passed
When method Post .......................................................... passed
Then status 422 ........................................................... passed
And match response == {"errors": {"username": ["has already been taken"]}} . passed
Given url 'https://conduit.productionready.io/api/' ....................... passed
* def dataGenerator = Java.type('helpers.DataGenerator') .................. passed
* def timeValidator = read('../../helpers/timeValidator.js') .............. passed
* def randomEmail = dataGenerator.getRandomEmail() ........................ passed
* def randomUsername = dataGenerator.getRandomUsername() .................. passed
Given path 'users' ........................................................ passed
And request ............................................................... passed
When method Post .......................................................... passed
Then status 422 ........................................................... passed
And match response == {"errors": {"email": ["has already been taken"]}} ... passed</system-out>
  </testcase>
  <testcase classname="src.test.java.conduitApp.feature.SignUp" name="Validate sign up | Error messages" time="0.909905">
    <system-out>Given url 'https://conduit.productionready.io/api/' ....................... passed
* def dataGenerator = Java.type('helpers.DataGenerator') .................. passed
* def timeValidator = read('../../helpers/timeValidator.js') .............. passed
* def randomEmail = dataGenerator.getRandomEmail() ........................ passed
* def randomUsername = dataGenerator.getRandomUsername() .................. passed
Given path 'users' ........................................................ passed
And request ............................................................... passed
When method Post .......................................................... passed
Then status 422 ........................................................... passed
And match response == {"errors": {"username": ["has already been taken"]}} . passed
Given url 'https://conduit.productionready.io/api/' ....................... passed
* def dataGenerator = Java.type('helpers.DataGenerator') .................. passed
* def timeValidator = read('../../helpers/timeValidator.js') .............. passed
* def randomEmail = dataGenerator.getRandomEmail() ........................ passed
* def randomUsername = dataGenerator.getRandomUsername() .................. passed
Given path 'users' ........................................................ passed
And request ............................................................... passed
When method Post .......................................................... passed
Then status 422 ........................................................... passed
And match response == {"errors": {"email": ["has already been taken"]}} ... passed
Given url 'https://conduit.productionready.io/api/' ....................... passed
* def dataGenerator = Java.type('helpers.DataGenerator') .................. passed
* def timeValidator = read('../../helpers/timeValidator.js') .............. passed
* def randomEmail = dataGenerator.getRandomEmail() ........................ passed
* def randomUsername = dataGenerator.getRandomUsername() .................. passed
Given path 'users' ........................................................ passed
And request ............................................................... passed
When method Post .......................................................... passed
Then status 422 ........................................................... passed
And match response == {"errors": {"email": ["can't be blank"]}} ........... passed</system-out>
  </testcase>
</testsuite>
