<?xml version="1.0" encoding="UTF-8"?>
<testsuite xmlns:xsi="http://www.w3.org/2001/XMLSchema-instance" xsi:noNamespaceSchemaLocation="https://maven.apache.org/surefire/maven-surefire-plugin/xsd/surefire-test-report.xsd" name="conduitApp.ConduitTest" time="19.277" tests="13" errors="0" skipped="0" failures="0">
  <properties>
[...]
</properties>
  <testcase name="testAll[1][1]" classname="conduitApp.ConduitTest" time="6.284"/>
  <testcase name="testAll[1][2]" classname="conduitApp.ConduitTest" time="0.791"/>
  <testcase name="testAll[1][3]" classname="conduitApp.ConduitTest" time="0.916"/>
  <testcase name="testAll[1][4]" classname="conduitApp.ConduitTest" time="3.352"/>
  <testcase name="testAll[2][1]" classname="conduitApp.ConduitTest" time="0.91"/>
  <testcase name="testAll[2][2]" classname="conduitApp.ConduitTest" time="0.957"/>
  <testcase name="testAll[2][3]" classname="conduitApp.ConduitTest" time="0.921"/>
  <testcase name="testAll[2][4]" classname="conduitApp.ConduitTest" time="0.921"/>
  <testcase name="testAll[2][5]" classname="conduitApp.ConduitTest" time="0.656"/>
  <testcase name="testAll[3][1]" classname="conduitApp.ConduitTest" time="1.81"/>
  <testcase name="testAll[3][2]" classname="conduitApp.ConduitTest" time="0.961"/>
  <testcase name="testAll[4][1]" classname="conduitApp.ConduitTest" time="0.044"/>
  <testcase name="testAll[4][2]" classname="conduitApp.ConduitTest" time="0.036"/>
</testsuite>