<?xml version="1.0" encoding="UTF-8"?>
<testsuite xmlns:xsi="http://www.w3.org/2001/XMLSchema-instance" xsi:noNamespaceSchemaLocation="https://maven.apache.org/surefire/maven-surefire-plugin/xsd/surefire-test-report.xsd" name="conduitApp.ConduitTest" time="13.292" tests="15" errors="0" skipped="0" failures="0">
  <properties>
[...]
</properties>
  <testcase name="testAll[1][1]" classname="conduitApp.ConduitTest" time="0.317"/>
  <testcase name="testAll[1][2]" classname="conduitApp.ConduitTest" time="0.181"/>
  <testcase name="testAll[2][1]" classname="conduitApp.ConduitTest" time="1.983"/>
  <testcase name="testAll[2][2]" classname="conduitApp.ConduitTest" time="0.743"/>
  <testcase name="testAll[2][3]" classname="conduitApp.ConduitTest" time="0.615"/>
  <testcase name="testAll[2][4]" classname="conduitApp.ConduitTest" time="2.817"/>
  <testcase name="testAll[3][1]" classname="conduitApp.ConduitTest" time="0.742"/>
  <testcase name="testAll[3][2]" classname="conduitApp.ConduitTest" time="0.741"/>
  <testcase name="testAll[3][3]" classname="conduitApp.ConduitTest" time="0.568"/>
  <testcase name="testAll[3][4]" classname="conduitApp.ConduitTest" time="0.66"/>
  <testcase name="testAll[3][5]" classname="conduitApp.ConduitTest" time="0.628"/>
  <testcase name="testAll[4][1]" classname="conduitApp.ConduitTest" time="1.528"/>
  <testcase name="testAll[4][2]" classname="conduitApp.ConduitTest" time="0.894"/>
  <testcase name="testAll[5][1]" classname="conduitApp.ConduitTest" time="0.082"/>
  <testcase name="testAll[5][2]" classname="conduitApp.ConduitTest" time="0.086"/>
</testsuite>